<?xml version="1.0" encoding="UTF-8" ?>
<testsuite errors="2" failures="6" hostname="Al-Laptop" name="BoardImplTest" skipped="0" tests="14" time="0.066" timestamp="2015-04-03T21:19:56">
  <properties>
[...]
</properties>
  <testcase classname="BoardImplTest" name="testIndexToHouseConversion" time="0.002" />
  <testcase classname="BoardImplTest" name="testGetSeeds" time="0.0" />
  <testcase classname="BoardImplTest" name="testMakeMove" time="0.0" />
  <testcase classname="BoardImplTest" name="testToString" time="0.005">
    <failure message="expected:&lt;[]&gt; but was:&lt;[House 1 has 4 seeds.&#xa;House 2 has 4 seeds.&#xa;House 3 has 4 seeds.&#xa;House 4 has 4 seeds.&#xa;House 5 has 4 seeds.&#xa;House 6 has 4 seeds.&#xa;House 7 has 4 seeds.&#xa;House 8 has 4 seeds.&#xa;House 9 has 4 seeds.&#xa;House 10 has 4 seeds.&#xa;House 11 has 4 seeds.&#xa;House 12 has 4 seeds.&#xa;]&gt;" type="junit.framework.AssertionFailedError">junit.framework.AssertionFailedError: expected:&lt;[]&gt; but was:&lt;[House 1 has 4 seeds.
House 2 has 4 seeds.
House 3 has 4 seeds.
House 4 has 4 seeds.
House 5 has 4 seeds.
House 6 has 4 seeds.
House 7 has 4 seeds.
House 8 has 4 seeds.
House 9 has 4 seeds.
House 10 has 4 seeds.
House 11 has 4 seeds.
House 12 has 4 seeds.
]&gt;
	at BoardImplTest.testToString(BoardImplTest.java:444)
</failure>
  </testcase>
  <testcase classname="BoardImplTest" name="testHashCode" time="0.001">
    <failure message="expected:&lt;0&gt; but was:&lt;-46191576&gt;" type="junit.framework.AssertionFailedError">junit.framework.AssertionFailedError: expected:&lt;0&gt; but was:&lt;-46191576&gt;
	at BoardImplTest.testHashCode(BoardImplTest.java:458)
</failure>
  </testcase>
  <testcase classname="BoardImplTest" name="testEquals" time="0.001">
    <failure message="The test case is a prototype." type="junit.framework.AssertionFailedError">junit.framework.AssertionFailedError: The test case is a prototype.
	at BoardImplTest.testEquals(BoardImplTest.java:475)
</failure>
  </testcase>
  <testcase classname="BoardImplTest" name="testIndexToPlayerConversion" time="0.001" />
  <testcase classname="BoardImplTest" name="testHouseToIndexConversion" time="0.0" />
  <testcase classname="BoardImplTest" name="testSowSeed" time="0.0" />
  <testcase classname="BoardImplTest" name="testSetSeeds" time="0.0">
    <error message="Invalid input - Player number out of range" type="InvalidHouseException">InvalidHouseException: Invalid input - Player number out of range
	at BoardImpl.checkInvalidHouse(BoardImpl.java:271)
	at BoardImpl.setSeeds(BoardImpl.java:182)
	at BoardImplTest.testSetSeeds(BoardImplTest.java:373)
</error>
  </testcase>
  <testcase classname="BoardImplTest" name="testGetScore" time="0.001">
    <error message="playerNum should be 1 or 2" type="java.lang.IllegalArgumentException">java.lang.IllegalArgumentException: playerNum should be 1 or 2
	at BoardImpl.getScore(BoardImpl.java:195)
	at BoardImplTest.testGetScore(BoardImplTest.java:387)
</error>
  </testcase>
  <testcase classname="BoardImplTest" name="testAddScore" time="0.001">
    <failure message="The test case is a prototype." type="junit.framework.AssertionFailedError">junit.framework.AssertionFailedError: The test case is a prototype.
	at BoardImplTest.testAddScore(BoardImplTest.java:404)
</failure>
  </testcase>
  <testcase classname="BoardImplTest" name="testSetScore" time="0.001">
    <failure message="The test case is a prototype." type="junit.framework.AssertionFailedError">junit.framework.AssertionFailedError: The test case is a prototype.
	at BoardImplTest.testSetScore(BoardImplTest.java:418)
</failure>
  </testcase>
  <testcase classname="BoardImplTest" name="testClone" time="0.001">
    <failure message="expected:&lt;null&gt; but was:&lt;House 1 has 4 seeds.&#xa;House 2 has 4 seeds.&#xa;House 3 has 4 seeds.&#xa;House 4 has 4 seeds.&#xa;House 5 has 4 seeds.&#xa;House 6 has 4 seeds.&#xa;House 7 has 4 seeds.&#xa;House 8 has 4 seeds.&#xa;House 9 has 4 seeds.&#xa;House 10 has 4 seeds.&#xa;House 11 has 4 seeds.&#xa;House 12 has 4 seeds.&#xa;&gt;" type="junit.framework.AssertionFailedError">junit.framework.AssertionFailedError: expected:&lt;null&gt; but was:&lt;House 1 has 4 seeds.
House 2 has 4 seeds.
House 3 has 4 seeds.
House 4 has 4 seeds.
House 5 has 4 seeds.
House 6 has 4 seeds.
House 7 has 4 seeds.
House 8 has 4 seeds.
House 9 has 4 seeds.
House 10 has 4 seeds.
House 11 has 4 seeds.
House 12 has 4 seeds.
&gt;
	at BoardImplTest.testClone(BoardImplTest.java:430)
</failure>
  </testcase>
  <system-out><![CDATA[indexToHouseConversion
getSeeds
makeMove
toString
hashCode
equals
indexToPlayerConversion
houseToIndexConversion
sowSeed
setSeeds
getScore
addScore
setScore
clone
]]></system-out>
  <system-err><![CDATA[]]></system-err>
</testsuite>
